# JRE version: OpenJDK Runtime Environment (8.0_242-b01) (build 1.8.0_242-release-1644-b01)
# Java VM: OpenJDK 64-Bit Server VM (25.242-b01 mixed mode windows-amd64 compressed oops)
Heap:
 PSYoungGen      total 590336K, used 224512K [0x00000000d5580000, 0x0000000100000000, 0x0000000100000000)
  eden space 546816K, 33% used [0x00000000d5580000,0x00000000e09eb948,0x00000000f6b80000)
  from space 43520K, 91% used [0x00000000f6b80000,0x00000000f9254890,0x00000000f9600000)
  to   space 48640K, 0% used [0x00000000fd080000,0x00000000fd080000,0x0000000100000000)
 ParOldGen       total 198144K, used 148603K [0x0000000080000000, 0x000000008c180000, 0x00000000d5580000)
  object space 198144K, 74% used [0x0000000080000000,0x000000008911ec70,0x000000008c180000)
 Metaspace       used 106144K, capacity 112716K, committed 112856K, reserved 1146880K
  class space    used 13855K, capacity 15055K, committed 15104K, reserved 1048576K
GC Heap History (10 events):
Event: 370.125 GC heap before
{Heap before GC invocations=25 (full 4):
 PSYoungGen      total 401408K, used 380879K [0x00000000d5580000, 0x00000000f1600000, 0x0000000100000000)
  eden space 356864K, 100% used [0x00000000d5580000,0x00000000eb200000,0x00000000eb200000)
  from space 44544K, 53% used [0x00000000eea80000,0x00000000f01f3e60,0x00000000f1600000)
  to   space 51200K, 0% used [0x00000000eb200000,0x00000000eb200000,0x00000000ee400000)
 ParOldGen       total 198144K, used 137128K [0x0000000080000000, 0x000000008c180000, 0x00000000d5580000)
  object space 198144K, 69% used [0x0000000080000000,0x00000000885ea120,0x000000008c180000)
 Metaspace       used 104297K, capacity 109984K, committed 110040K, reserved 1144832K
  class space    used 13739K, capacity 14813K, committed 14848K, reserved 1048576K
Event: 370.158 GC heap after
Heap after GC invocations=25 (full 4):
 PSYoungGen      total 408064K, used 14836K [0x00000000d5580000, 0x00000000f7800000, 0x0000000100000000)
  eden space 356864K, 0% used [0x00000000d5580000,0x00000000d5580000,0x00000000eb200000)
  from space 51200K, 28% used [0x00000000eb200000,0x00000000ec07d050,0x00000000ee400000)
  to   space 49664K, 0% used [0x00000000f4780000,0x00000000f4780000,0x00000000f7800000)
 ParOldGen       total 198144K, used 142893K [0x0000000080000000, 0x000000008c180000, 0x00000000d5580000)
  object space 198144K, 72% used [0x0000000080000000,0x0000000088b8b448,0x000000008c180000)
 Metaspace       used 104297K, capacity 109984K, committed 110040K, reserved 1144832K
  class space    used 13739K, capacity 14813K, committed 14848K, reserved 1048576K
}
Event: 443.314 GC heap before
{Heap before GC invocations=26 (full 4):
 PSYoungGen      total 408064K, used 371700K [0x00000000d5580000, 0x00000000f7800000, 0x0000000100000000)
  eden space 356864K, 100% used [0x00000000d5580000,0x00000000eb200000,0x00000000eb200000)
  from space 51200K, 28% used [0x00000000eb200000,0x00000000ec07d050,0x00000000ee400000)
  to   space 49664K, 0% used [0x00000000f4780000,0x00000000f4780000,0x00000000f7800000)
 ParOldGen       total 198144K, used 142893K [0x0000000080000000, 0x000000008c180000, 0x00000000d5580000)
  object space 198144K, 72% used [0x0000000080000000,0x0000000088b8b448,0x000000008c180000)
 Metaspace       used 104602K, capacity 110410K, committed 110552K, reserved 1144832K
  class space    used 13745K, capacity 14824K, committed 14848K, reserved 1048576K
Event: 443.336 GC heap after
Heap after GC invocations=26 (full 4):
 PSYoungGen      total 489472K, used 10831K [0x00000000d5580000, 0x00000000f6c80000, 0x0000000100000000)
  eden space 451584K, 0% used [0x00000000d5580000,0x00000000d5580000,0x00000000f0e80000)
  from space 37888K, 28% used [0x00000000f4780000,0x00000000f5213ef8,0x00000000f6c80000)
  to   space 48128K, 0% used [0x00000000f0e80000,0x00000000f0e80000,0x00000000f3d80000)
 ParOldGen       total 198144K, used 146871K [0x0000000080000000, 0x000000008c180000, 0x00000000d5580000)
  object space 198144K, 74% used [0x0000000080000000,0x0000000088f6df10,0x000000008c180000)
 Metaspace       used 104602K, capacity 110410K, committed 110552K, reserved 1144832K
  class space    used 13745K, capacity 14824K, committed 14848K, reserved 1048576K
}
Event: 540.831 GC heap before
{Heap before GC invocations=27 (full 4):
 PSYoungGen      total 489472K, used 462415K [0x00000000d5580000, 0x00000000f6c80000, 0x0000000100000000)
  eden space 451584K, 100% used [0x00000000d5580000,0x00000000f0e80000,0x00000000f0e80000)
  from space 37888K, 28% used [0x00000000f4780000,0x00000000f5213ef8,0x00000000f6c80000)
  to   space 48128K, 0% used [0x00000000f0e80000,0x00000000f0e80000,0x00000000f3d80000)
 ParOldGen       total 198144K, used 146871K [0x0000000080000000, 0x000000008c180000, 0x00000000d5580000)
  object space 198144K, 74% used [0x0000000080000000,0x0000000088f6df10,0x000000008c180000)
 Metaspace       used 105114K, capacity 111062K, committed 111192K, reserved 1144832K
  class space    used 13790K, capacity 14906K, committed 14976K, reserved 1048576K
Event: 540.866 GC heap after
Heap after GC invocations=27 (full 4):
 PSYoungGen      total 499712K, used 16856K [0x00000000d5580000, 0x00000000fd080000, 0x0000000100000000)
  eden space 451584K, 0% used [0x00000000d5580000,0x00000000d5580000,0x00000000f0e80000)
  from space 48128K, 35% used [0x00000000f0e80000,0x00000000f1ef60f8,0x00000000f3d80000)
  to   space 45568K, 0% used [0x00000000fa400000,0x00000000fa400000,0x00000000fd080000)
 ParOldGen       total 198144K, used 147320K [0x0000000080000000, 0x000000008c180000, 0x00000000d5580000)
  object space 198144K, 74% used [0x0000000080000000,0x0000000088fde200,0x000000008c180000)
 Metaspace       used 105114K, capacity 111062K, committed 111192K, reserved 1144832K
  class space    used 13790K, capacity 14906K, committed 14976K, reserved 1048576K
}
Event: 614.259 GC heap before
{Heap before GC invocations=28 (full 4):
 PSYoungGen      total 499712K, used 468440K [0x00000000d5580000, 0x00000000fd080000, 0x0000000100000000)
  eden space 451584K, 100% used [0x00000000d5580000,0x00000000f0e80000,0x00000000f0e80000)
  from space 48128K, 35% used [0x00000000f0e80000,0x00000000f1ef60f8,0x00000000f3d80000)
  to   space 45568K, 0% used [0x00000000fa400000,0x00000000fa400000,0x00000000fd080000)
 ParOldGen       total 198144K, used 147320K [0x0000000080000000, 0x000000008c180000, 0x00000000d5580000)
  object space 198144K, 74% used [0x0000000080000000,0x0000000088fde200,0x000000008c180000)
 Metaspace       used 105487K, capacity 111664K, committed 111704K, reserved 1146880K
  class space    used 13814K, capacity 14951K, committed 14976K, reserved 1048576K
Event: 614.298 GC heap after
Heap after GC invocations=28 (full 4):
 PSYoungGen      total 576000K, used 19955K [0x00000000d5580000, 0x00000000fc080000, 0x0000000100000000)
  eden space 546816K, 0% used [0x00000000d5580000,0x00000000d5580000,0x00000000f6b80000)
  from space 29184K, 68% used [0x00000000fa400000,0x00000000fb77cc40,0x00000000fc080000)
  to   space 43520K, 0% used [0x00000000f6b80000,0x00000000f6b80000,0x00000000f9600000)
 ParOldGen       total 198144K, used 147949K [0x0000000080000000, 0x000000008c180000, 0x00000000d5580000)
  object space 198144K, 74% used [0x0000000080000000,0x000000008907b7f0,0x000000008c180000)
 Metaspace       used 105487K, capacity 111664K, committed 111704K, reserved 1146880K
  class space    used 13814K, capacity 14951K, committed 14976K, reserved 1048576K
}
Event: 957.227 GC heap before
{Heap before GC invocations=29 (full 4):
 PSYoungGen      total 576000K, used 566771K [0x00000000d5580000, 0x00000000fc080000, 0x0000000100000000)
  eden space 546816K, 100% used [0x00000000d5580000,0x00000000f6b80000,0x00000000f6b80000)
  from space 29184K, 68% used [0x00000000fa400000,0x00000000fb77cc40,0x00000000fc080000)
  to   space 43520K, 0% used [0x00000000f6b80000,0x00000000f6b80000,0x00000000f9600000)
 ParOldGen       total 198144K, used 147949K [0x0000000080000000, 0x000000008c180000, 0x00000000d5580000)
  object space 198144K, 74% used [0x0000000080000000,0x000000008907b7f0,0x000000008c180000)
 Metaspace       used 106137K, capacity 112652K, committed 112856K, reserved 1146880K
  class space    used 13855K, capacity 15055K, committed 15104K, reserved 1048576K
Event: 957.285 GC heap after
Heap after GC invocations=29 (full 4):
 PSYoungGen      total 590336K, used 39762K [0x00000000d5580000, 0x0000000100000000, 0x0000000100000000)
  eden space 546816K, 0% used [0x00000000d5580000,0x00000000d5580000,0x00000000f6b80000)
  from space 43520K, 91% used [0x00000000f6b80000,0x00000000f9254890,0x00000000f9600000)
  to   space 48640K, 0% used [0x00000000fd080000,0x00000000fd080000,0x0000000100000000)
 ParOldGen       total 198144K, used 148603K [0x0000000080000000, 0x000000008c180000, 0x00000000d5580000)
  object space 198144K, 74% used [0x0000000080000000,0x000000008911ec70,0x000000008c180000)
 Metaspace       used 106137K, capacity 112652K, committed 112856K, reserved 1146880K
  class space    used 13855K, capacity 15055K, committed 15104K, reserved 1048576K
}

